<?xml version="1.0" encoding="UTF-8"?>
<testsuite name="tld.kata.FnBooks" tests="6" skipped="0" failures="0" errors="0" timestamp="2025-04-30T02:57:51.729Z" hostname="miu-wired" time="0.516">
  <properties/>
  <testcase name="booksFilteredByAuthorValidate()" classname="tld.kata.FnBooks" time="0.479"/>
  <testcase name="booksCanBeFilteredByAuthorLastName()" classname="tld.kata.FnBooks" time="0.014"/>
  <testcase name="booksCanBeFilteredByAuthorFirstName()" classname="tld.kata.FnBooks" time="0.004"/>
  <testcase name="booksReturnsAllBooks()" classname="tld.kata.FnBooks" time="0.007"/>
  <testcase name="booksCanBeFilteredByAuthorMiddleName()" classname="tld.kata.FnBooks" time="0.004"/>
  <testcase name="booksCanBeFilteredByTitleKeyword()" classname="tld.kata.FnBooks" time="0.003"/>
  <system-out><![CDATA[21:57:50.783 [Test worker] INFO org.springframework.test.context.support.AnnotationConfigContextLoaderUtils -- Could not detect default configuration classes for test class [tld.kata.FnBooks]: FnBooks does not declare any static, non-private, non-final, nested classes annotated with @Configuration.
21:57:50.833 [Test worker] INFO org.springframework.boot.test.context.SpringBootTestContextBootstrapper -- Found @SpringBootConfiguration tld.kata.KataApplication for test class tld.kata.FnBooks

  .   ____          _            __ _ _
 /\\ / ___'_ __ _ _(_)_ __  __ _ \ \ \ \
( ( )\___ | '_ | '_| | '_ \/ _` | \ \ \ \
 \\/  ___)| |_)| | | | | || (_| |  ) ) ) )
  '  |____| .__|_| |_|_| |_\__, | / / / /
 =========|_|==============|___/=/_/_/_/

 :: Spring Boot ::                (v3.4.5)

2025-04-29T21:57:51.024-05:00  INFO 77571 --- [kata] [    Test worker] tld.kata.FnBooks                         : Starting FnBooks using Java 17.0.14 with PID 77571 (started by thom in /home/thom/Development/expert-tribble)
2025-04-29T21:57:51.025-05:00  INFO 77571 --- [kata] [    Test worker] tld.kata.FnBooks                         : No active profile set, falling back to 1 default profile: "default"
2025-04-29T21:57:51.406-05:00  INFO 77571 --- [kata] [    Test worker] o.s.b.w.embedded.tomcat.TomcatWebServer  : Tomcat initialized with port 0 (http)
2025-04-29T21:57:51.413-05:00  INFO 77571 --- [kata] [    Test worker] o.apache.catalina.core.StandardService   : Starting service [Tomcat]
2025-04-29T21:57:51.413-05:00  INFO 77571 --- [kata] [    Test worker] o.apache.catalina.core.StandardEngine    : Starting Servlet engine: [Apache Tomcat/10.1.40]
2025-04-29T21:57:51.440-05:00  INFO 77571 --- [kata] [    Test worker] o.a.c.c.C.[Tomcat].[localhost].[/]       : Initializing Spring embedded WebApplicationContext
2025-04-29T21:57:51.441-05:00  INFO 77571 --- [kata] [    Test worker] w.s.c.ServletWebServerApplicationContext : Root WebApplicationContext: initialization completed in 407 ms
2025-04-29T21:57:51.721-05:00  INFO 77571 --- [kata] [    Test worker] o.s.b.w.embedded.tomcat.TomcatWebServer  : Tomcat started on port 39641 (http) with context path '/'
2025-04-29T21:57:51.727-05:00  INFO 77571 --- [kata] [    Test worker] tld.kata.FnBooks                         : Started FnBooks in 0.833 seconds (process running for 1.323)
2025-04-29T21:57:52.155-05:00  INFO 77571 --- [kata] [o-auto-1-exec-1] o.a.c.c.C.[Tomcat].[localhost].[/]       : Initializing Spring DispatcherServlet 'dispatcherServlet'
2025-04-29T21:57:52.155-05:00  INFO 77571 --- [kata] [o-auto-1-exec-1] o.s.web.servlet.DispatcherServlet        : Initializing Servlet 'dispatcherServlet'
2025-04-29T21:57:52.156-05:00  INFO 77571 --- [kata] [o-auto-1-exec-1] o.s.web.servlet.DispatcherServlet        : Completed initialization in 1 ms
]]></system-out>
  <system-err><![CDATA[]]></system-err>
</testsuite>
